<?xml version='1.0' encoding='UTF-8'?>
<testsuite hostname="GravPC-user3" name="MiscServiceSpec" tests="1" errors="1" failures="0" time="-0.001">
                <properties>
[...]
</properties>
                <testcase classname="MiscServiceSpec" name="(It is not a test)" time="-0.001"> <error message="Guice configuration errors:

1) No implementation for models.services.MiscService was bound.
  while locating models.services.MiscService
    for parameter 1 at controllers.MiscController.&lt;init&gt;(MiscController.scala:17)
  while locating controllers.MiscController

1 error" type="sbt.ForkMain$ForkError">sbt.ForkMain$ForkError: Guice configuration errors:

1) No implementation for models.services.MiscService was bound.
  while locating models.services.MiscService
    for parameter 1 at controllers.MiscController.&lt;init&gt;(MiscController.scala:17)
  while locating controllers.MiscController

1 error
	at com.google.inject.internal.InjectorImpl.getProvider(InjectorImpl.java:1026)
	at com.google.inject.internal.InjectorImpl.getProvider(InjectorImpl.java:985)
	at com.google.inject.internal.InjectorImpl.getInstance(InjectorImpl.java:1035)
	at Global$.getControllerInstance(Global.scala:42)
	at Routes$$anonfun$routes$1$$anonfun$applyOrElse$2$$anonfun$apply$14.apply(routes_routing.scala:94)
	at Routes$$anonfun$routes$1$$anonfun$applyOrElse$2$$anonfun$apply$14.apply(routes_routing.scala:94)
	at play.core.Router$HandlerInvokerFactory$$anon$13$$anon$14.call(Router.scala:217)
	at play.core.Router$Routes$TaggingInvoker.call(Router.scala:464)
	at Routes$$anonfun$routes$1$$anonfun$applyOrElse$2.apply(routes_routing.scala:94)
	at Routes$$anonfun$routes$1$$anonfun$applyOrElse$2.apply(routes_routing.scala:94)
	at play.core.Router$Routes$class.call(Router.scala:326)
	at Routes$.call(routes_routing.scala:16)
	at Routes$$anonfun$routes$1.applyOrElse(routes_routing.scala:93)
	at Routes$$anonfun$routes$1.applyOrElse(routes_routing.scala:81)
	at play.api.test.FakeApplication$$anon$3$$anon$2$$anonfun$applyOrElse$2.apply(Fakes.scala:243)
	at play.api.test.FakeApplication$$anon$3$$anon$2$$anonfun$applyOrElse$2.apply(Fakes.scala:243)
	at play.api.test.FakeApplication$$anon$3$$anon$2.applyOrElse(Fakes.scala:243)
	at play.api.test.FakeApplication$$anon$3$$anon$2.applyOrElse(Fakes.scala:241)
	at play.core.Router$Routes$class.handlerFor(Router.scala:454)
	at play.api.test.FakeApplication$$anon$3.handlerFor(Fakes.scala:234)
	at play.api.GlobalSettings$$anonfun$onRouteRequest$1$$anonfun$apply$1.apply(GlobalSettings.scala:128)
	at play.api.GlobalSettings$$anonfun$onRouteRequest$1$$anonfun$apply$1.apply(GlobalSettings.scala:127)
	at play.api.GlobalSettings$$anonfun$onRouteRequest$1.apply(GlobalSettings.scala:126)
	at play.api.GlobalSettings$$anonfun$onRouteRequest$1.apply(GlobalSettings.scala:126)
	at play.api.GlobalSettings$class.onRouteRequest(GlobalSettings.scala:126)
	at Global$.onRouteRequest(Global.scala:22)
	at play.api.test.RouteInvokers$class.route(Helpers.scala:272)
	at MiscServiceSpec.route(MiscServiceSpec.scala:10)
	at play.api.test.RouteInvokers$class.route(Helpers.scala:298)
	at MiscServiceSpec.route(MiscServiceSpec.scala:10)
	at play.api.test.RouteInvokers$class.route(Helpers.scala:305)
	at MiscServiceSpec.route(MiscServiceSpec.scala:10)
	at MiscServiceSpec$$anonfun$2$$anon$1$delayedInit$body.apply(MiscServiceSpec.scala:13)
	at play.api.test.WithApplication$$anonfun$around$1.apply(Specs.scala:23)
	at play.api.test.WithApplication$$anonfun$around$1.apply(Specs.scala:23)
	at play.api.test.PlayRunners$class.running(Helpers.scala:49)
	at play.api.test.Helpers$.running(Helpers.scala:403)
	at play.api.test.WithApplication.around(Specs.scala:23)
	at play.api.test.WithApplication.delayedInit(Specs.scala:20)
	at MiscServiceSpec$$anonfun$2$$anon$1.&lt;init&gt;(MiscServiceSpec.scala:12)
	at MiscServiceSpec$$anonfun$2.apply(MiscServiceSpec.scala:12)
	at MiscServiceSpec$$anonfun$2.apply(MiscServiceSpec.scala:12)
</error>
                    </testcase>
                <system-out></system-out>
                <system-err></system-err>
                </testsuite>